<?xml version="1.0" encoding="UTF-8"?>
<!-- Generated by org.testng.reporters.JUnitReportReporter -->
<testsuite hostname="JosephThanh-PC" name="google.GoogleTestsDesktop" tests="3" failures="0" timestamp="29 Jan 2016 16:06:45 GMT" time="127.207" errors="0">
  <testcase name="GoogleLogin_Valid" time="23.427" classname="google.GoogleTestsDesktop"/>
  <testcase name="GoogleComposeEmail" time="91.768" classname="google.GoogleTestsDesktop"/>
  <testcase name="GoogleLogin_Invalid" time="12.012" classname="google.GoogleTestsDesktop"/>
</testsuite> <!-- google.GoogleTestsDesktop -->
