<?xml version="1.0" encoding="UTF-8"?>
<!-- Generated by org.testng.reporters.JUnitReportReporter -->
<testsuite hostname="JosephThanh-PC" name="google.GoogleTestsDesktop" tests="3" failures="3" timestamp="13 Jan 2016 14:32:58 GMT" time="0.002" errors="0">
  <testcase name="GoogleLogin_Invalid" time="0.001" classname="google.GoogleTestsDesktop">
    <failure type="java.lang.IllegalStateException" message="The driver executable does not exist: C:\Users\Joseph%20Thanh\Documents\GitHub\ThanhDinh\google-samples\java\javaDesktop\target\classes\drivers\chromedriver.exe">
      <![CDATA[java.lang.IllegalStateException: The driver executable does not exist: C:\Users\Joseph%20Thanh\Documents\GitHub\ThanhDinh\google-samples\java\javaDesktop\target\classes\drivers\chromedriver.exe
	at com.google.common.base.Preconditions.checkState(Preconditions.java:197)
	at org.openqa.selenium.remote.service.DriverService.checkExecutable(DriverService.java:121)
	at org.openqa.selenium.remote.service.DriverService.findExecutable(DriverService.java:116)
	at org.openqa.selenium.chrome.ChromeDriverService.access$000(ChromeDriverService.java:32)
	at org.openqa.selenium.chrome.ChromeDriverService$Builder.findDefaultExecutable(ChromeDriverService.java:137)
	at org.openqa.selenium.remote.service.DriverService$Builder.build(DriverService.java:296)
	at org.openqa.selenium.chrome.ChromeDriverService.createDefaultService(ChromeDriverService.java:88)
	at org.openqa.selenium.chrome.ChromeDriver.<init>(ChromeDriver.java:148)
	at google.SetupChromeDriver.setupChromeDriver(SetupChromeDriver.java:46)
	at google.GoogleTestsDesktop.Setup(GoogleTestsDesktop.java:41)
	at sun.reflect.NativeMethodAccessorImpl.invoke0(Native Method)
	at sun.reflect.NativeMethodAccessorImpl.invoke(Unknown Source)
	at sun.reflect.DelegatingMethodAccessorImpl.invoke(Unknown Source)
	at java.lang.reflect.Method.invoke(Unknown Source)
	at org.testng.internal.MethodInvocationHelper.invokeMethod(MethodInvocationHelper.java:80)
	at org.testng.internal.Invoker.invokeConfigurationMethod(Invoker.java:551)
	at org.testng.internal.Invoker.invokeConfigurations(Invoker.java:213)
	at org.testng.internal.Invoker.invokeConfigurations(Invoker.java:138)
	at org.testng.TestRunner.beforeRun(TestRunner.java:641)
	at org.testng.TestRunner.run(TestRunner.java:609)
	at org.testng.SuiteRunner.runTest(SuiteRunner.java:334)
	at org.testng.SuiteRunner.runSequentially(SuiteRunner.java:329)
	at org.testng.SuiteRunner.privateRun(SuiteRunner.java:291)
	at org.testng.SuiteRunner.run(SuiteRunner.java:240)
	at org.testng.SuiteRunnerWorker.runSuite(SuiteRunnerWorker.java:53)
	at org.testng.SuiteRunnerWorker.run(SuiteRunnerWorker.java:87)
	at org.testng.TestNG.runSuitesSequentially(TestNG.java:1188)
	at org.testng.TestNG.runSuitesLocally(TestNG.java:1113)
	at org.testng.TestNG.run(TestNG.java:1025)
	at org.testng.remote.RemoteTestNG.run(RemoteTestNG.java:115)
	at org.testng.remote.RemoteTestNG.initAndRun(RemoteTestNG.java:207)
	at org.testng.remote.RemoteTestNG.main(RemoteTestNG.java:178)
]]>
    </failure>
  </testcase> <!-- GoogleLogin_Invalid -->
  <testcase name="GoogleLogin_Valid" time="0.001" classname="google.GoogleTestsDesktop">
    <failure type="java.lang.IllegalStateException" message="The driver executable does not exist: C:\Users\Joseph%20Thanh\Documents\GitHub\ThanhDinh\google-samples\java\javaDesktop\target\classes\drivers\chromedriver.exe">
      <![CDATA[java.lang.IllegalStateException: The driver executable does not exist: C:\Users\Joseph%20Thanh\Documents\GitHub\ThanhDinh\google-samples\java\javaDesktop\target\classes\drivers\chromedriver.exe
	at com.google.common.base.Preconditions.checkState(Preconditions.java:197)
	at org.openqa.selenium.remote.service.DriverService.checkExecutable(DriverService.java:121)
	at org.openqa.selenium.remote.service.DriverService.findExecutable(DriverService.java:116)
	at org.openqa.selenium.chrome.ChromeDriverService.access$000(ChromeDriverService.java:32)
	at org.openqa.selenium.chrome.ChromeDriverService$Builder.findDefaultExecutable(ChromeDriverService.java:137)
	at org.openqa.selenium.remote.service.DriverService$Builder.build(DriverService.java:296)
	at org.openqa.selenium.chrome.ChromeDriverService.createDefaultService(ChromeDriverService.java:88)
	at org.openqa.selenium.chrome.ChromeDriver.<init>(ChromeDriver.java:148)
	at google.SetupChromeDriver.setupChromeDriver(SetupChromeDriver.java:46)
	at google.GoogleTestsDesktop.Setup(GoogleTestsDesktop.java:41)
	at sun.reflect.NativeMethodAccessorImpl.invoke0(Native Method)
	at sun.reflect.NativeMethodAccessorImpl.invoke(Unknown Source)
	at sun.reflect.DelegatingMethodAccessorImpl.invoke(Unknown Source)
	at java.lang.reflect.Method.invoke(Unknown Source)
	at org.testng.internal.MethodInvocationHelper.invokeMethod(MethodInvocationHelper.java:80)
	at org.testng.internal.Invoker.invokeConfigurationMethod(Invoker.java:551)
	at org.testng.internal.Invoker.invokeConfigurations(Invoker.java:213)
	at org.testng.internal.Invoker.invokeConfigurations(Invoker.java:138)
	at org.testng.TestRunner.beforeRun(TestRunner.java:641)
	at org.testng.TestRunner.run(TestRunner.java:609)
	at org.testng.SuiteRunner.runTest(SuiteRunner.java:334)
	at org.testng.SuiteRunner.runSequentially(SuiteRunner.java:329)
	at org.testng.SuiteRunner.privateRun(SuiteRunner.java:291)
	at org.testng.SuiteRunner.run(SuiteRunner.java:240)
	at org.testng.SuiteRunnerWorker.runSuite(SuiteRunnerWorker.java:53)
	at org.testng.SuiteRunnerWorker.run(SuiteRunnerWorker.java:87)
	at org.testng.TestNG.runSuitesSequentially(TestNG.java:1188)
	at org.testng.TestNG.runSuitesLocally(TestNG.java:1113)
	at org.testng.TestNG.run(TestNG.java:1025)
	at org.testng.remote.RemoteTestNG.run(RemoteTestNG.java:115)
	at org.testng.remote.RemoteTestNG.initAndRun(RemoteTestNG.java:207)
	at org.testng.remote.RemoteTestNG.main(RemoteTestNG.java:178)
]]>
    </failure>
  </testcase> <!-- GoogleLogin_Valid -->
  <testcase name="GoogleComposeEmail" time="0.000" classname="google.GoogleTestsDesktop">
    <failure type="java.lang.IllegalStateException" message="The driver executable does not exist: C:\Users\Joseph%20Thanh\Documents\GitHub\ThanhDinh\google-samples\java\javaDesktop\target\classes\drivers\chromedriver.exe">
      <![CDATA[java.lang.IllegalStateException: The driver executable does not exist: C:\Users\Joseph%20Thanh\Documents\GitHub\ThanhDinh\google-samples\java\javaDesktop\target\classes\drivers\chromedriver.exe
	at com.google.common.base.Preconditions.checkState(Preconditions.java:197)
	at org.openqa.selenium.remote.service.DriverService.checkExecutable(DriverService.java:121)
	at org.openqa.selenium.remote.service.DriverService.findExecutable(DriverService.java:116)
	at org.openqa.selenium.chrome.ChromeDriverService.access$000(ChromeDriverService.java:32)
	at org.openqa.selenium.chrome.ChromeDriverService$Builder.findDefaultExecutable(ChromeDriverService.java:137)
	at org.openqa.selenium.remote.service.DriverService$Builder.build(DriverService.java:296)
	at org.openqa.selenium.chrome.ChromeDriverService.createDefaultService(ChromeDriverService.java:88)
	at org.openqa.selenium.chrome.ChromeDriver.<init>(ChromeDriver.java:148)
	at google.SetupChromeDriver.setupChromeDriver(SetupChromeDriver.java:46)
	at google.GoogleTestsDesktop.Setup(GoogleTestsDesktop.java:41)
	at sun.reflect.NativeMethodAccessorImpl.invoke0(Native Method)
	at sun.reflect.NativeMethodAccessorImpl.invoke(Unknown Source)
	at sun.reflect.DelegatingMethodAccessorImpl.invoke(Unknown Source)
	at java.lang.reflect.Method.invoke(Unknown Source)
	at org.testng.internal.MethodInvocationHelper.invokeMethod(MethodInvocationHelper.java:80)
	at org.testng.internal.Invoker.invokeConfigurationMethod(Invoker.java:551)
	at org.testng.internal.Invoker.invokeConfigurations(Invoker.java:213)
	at org.testng.internal.Invoker.invokeConfigurations(Invoker.java:138)
	at org.testng.TestRunner.beforeRun(TestRunner.java:641)
	at org.testng.TestRunner.run(TestRunner.java:609)
	at org.testng.SuiteRunner.runTest(SuiteRunner.java:334)
	at org.testng.SuiteRunner.runSequentially(SuiteRunner.java:329)
	at org.testng.SuiteRunner.privateRun(SuiteRunner.java:291)
	at org.testng.SuiteRunner.run(SuiteRunner.java:240)
	at org.testng.SuiteRunnerWorker.runSuite(SuiteRunnerWorker.java:53)
	at org.testng.SuiteRunnerWorker.run(SuiteRunnerWorker.java:87)
	at org.testng.TestNG.runSuitesSequentially(TestNG.java:1188)
	at org.testng.TestNG.runSuitesLocally(TestNG.java:1113)
	at org.testng.TestNG.run(TestNG.java:1025)
	at org.testng.remote.RemoteTestNG.run(RemoteTestNG.java:115)
	at org.testng.remote.RemoteTestNG.initAndRun(RemoteTestNG.java:207)
	at org.testng.remote.RemoteTestNG.main(RemoteTestNG.java:178)
]]>
    </failure>
  </testcase> <!-- GoogleComposeEmail -->
</testsuite> <!-- google.GoogleTestsDesktop -->
